<?xml version="1.0" encoding="UTF-8"?>
<testng-results ignored="0" total="1" passed="1" failed="0" skipped="0">
  <reporter-output>
  </reporter-output>
  <suite started-at="2025-06-25T18:40:43 IST" name="Suite" finished-at="2025-06-25T18:41:02 IST" duration-ms="19241">
    <groups>
      <group name="Smoke">
        <method signature="Mutiplefailedloginsnolockoutt.multipleFailedLoginsNoLockout()[pri:0, instance:vendor.Mutiplefailedloginsnolockoutt@15d49048]" name="multipleFailedLoginsNoLockout" class="vendor.Mutiplefailedloginsnolockoutt"/>
      </group> <!-- Smoke -->
    </groups>
    <test started-at="2025-06-25T18:40:43 IST" name="Test" finished-at="2025-06-25T18:41:02 IST" duration-ms="19241">
      <class name="vendor.Mutiplefailedloginsnolockoutt">
        <test-method is-config="true" signature="bs()[pri:0, instance:vendor.Mutiplefailedloginsnolockoutt@15d49048]" started-at="2025-06-25T18:40:43 IST" name="bs" finished-at="2025-06-25T18:40:43 IST" duration-ms="18" status="PASS">
          <reporter-output>
          </reporter-output>
        </test-method> <!-- bs -->
        <test-method is-config="true" signature="bt()[pri:0, instance:vendor.Mutiplefailedloginsnolockoutt@15d49048]" started-at="2025-06-25T18:40:43 IST" name="bt" finished-at="2025-06-25T18:40:43 IST" duration-ms="0" status="PASS">
          <reporter-output>
          </reporter-output>
        </test-method> <!-- bt -->
        <test-method is-config="true" signature="bc()[pri:0, instance:vendor.Mutiplefailedloginsnolockoutt@15d49048]" started-at="2025-06-25T18:40:43 IST" name="bc" finished-at="2025-06-25T18:40:45 IST" duration-ms="2149" status="PASS">
          <reporter-output>
          </reporter-output>
        </test-method> <!-- bc -->
        <test-method is-config="true" signature="bm()[pri:0, instance:vendor.Mutiplefailedloginsnolockoutt@15d49048]" started-at="2025-06-25T18:40:45 IST" name="bm" finished-at="2025-06-25T18:40:49 IST" duration-ms="3506" status="PASS">
          <reporter-output>
          </reporter-output>
        </test-method> <!-- bm -->
        <test-method signature="multipleFailedLoginsNoLockout()[pri:0, instance:vendor.Mutiplefailedloginsnolockoutt@15d49048]" started-at="2025-06-25T18:40:49 IST" name="multipleFailedLoginsNoLockout" finished-at="2025-06-25T18:41:02 IST" duration-ms="12974" status="PASS">
          <reporter-output>
          </reporter-output>
        </test-method> <!-- multipleFailedLoginsNoLockout -->
        <test-method is-config="true" signature="am()[pri:0, instance:vendor.Mutiplefailedloginsnolockoutt@15d49048]" started-at="2025-06-25T18:41:02 IST" name="am" finished-at="2025-06-25T18:41:02 IST" duration-ms="2" status="PASS">
          <reporter-output>
          </reporter-output>
        </test-method> <!-- am -->
        <test-method is-config="true" signature="ac()[pri:0, instance:vendor.Mutiplefailedloginsnolockoutt@15d49048]" started-at="2025-06-25T18:41:02 IST" name="ac" finished-at="2025-06-25T18:41:02 IST" duration-ms="181" status="PASS">
          <reporter-output>
          </reporter-output>
        </test-method> <!-- ac -->
        <test-method is-config="true" signature="at()[pri:0, instance:vendor.Mutiplefailedloginsnolockoutt@15d49048]" started-at="2025-06-25T18:41:02 IST" name="at" finished-at="2025-06-25T18:41:02 IST" duration-ms="0" status="PASS">
          <reporter-output>
          </reporter-output>
        </test-method> <!-- at -->
        <test-method is-config="true" signature="as()[pri:0, instance:vendor.Mutiplefailedloginsnolockoutt@15d49048]" started-at="2025-06-25T18:41:02 IST" name="as" finished-at="2025-06-25T18:41:02 IST" duration-ms="2" status="PASS">
          <reporter-output>
          </reporter-output>
        </test-method> <!-- as -->
      </class> <!-- vendor.Mutiplefailedloginsnolockoutt -->
    </test> <!-- Test -->
  </suite> <!-- Suite -->
</testng-results>
